Watching for file changes with StatReloader
/Users/youngmanindia/Documents/Django_Projects/task_manager/task_manager/settings.py changed, reloading.
Watching for file changes with StatReloader
/Users/youngmanindia/Documents/Django_Projects/task_manager/task_manager/settings.py changed, reloading.
Watching for file changes with StatReloader
/Users/youngmanindia/Documents/Django_Projects/task_manager/task_manager/settings.py changed, reloading.
Watching for file changes with StatReloader
/Users/youngmanindia/Documents/Django_Projects/task_manager/task_manager/settings.py changed, reloading.
Watching for file changes with StatReloader
/Users/youngmanindia/Documents/Django_Projects/task_manager/tasks/models.py changed, reloading.
Watching for file changes with StatReloader
/Users/youngmanindia/Documents/Django_Projects/task_manager/tasks/serializers.py changed, reloading.
Watching for file changes with StatReloader
/Users/youngmanindia/Documents/Django_Projects/task_manager/tasks/views.py changed, reloading.
Watching for file changes with StatReloader
/Users/youngmanindia/Documents/Django_Projects/task_manager/tasks/urls.py changed, reloading.
Watching for file changes with StatReloader
/Users/youngmanindia/Documents/Django_Projects/task_manager/task_manager/urls.py changed, reloading.
Watching for file changes with StatReloader
/Users/youngmanindia/Documents/Django_Projects/task_manager/task_manager/settings.py changed, reloading.
Watching for file changes with StatReloader
/Users/youngmanindia/Documents/Django_Projects/task_manager/task_manager/urls.py changed, reloading.
Watching for file changes with StatReloader
/Users/youngmanindia/Documents/Django_Projects/task_manager/task_manager/urls.py changed, reloading.
Watching for file changes with StatReloader
/Users/youngmanindia/Documents/Django_Projects/task_manager/tasks/urls.py changed, reloading.
Watching for file changes with StatReloader
/Users/youngmanindia/Documents/Django_Projects/task_manager/tasks/models.py changed, reloading.
Watching for file changes with StatReloader
/Users/youngmanindia/Documents/Django_Projects/task_manager/tasks/views.py changed, reloading.
Watching for file changes with StatReloader
/Users/youngmanindia/Documents/Django_Projects/task_manager/tasks/serializers.py changed, reloading.
Watching for file changes with StatReloader
/Users/youngmanindia/Documents/Django_Projects/task_manager/tasks/lambda_simulation.py changed, reloading.
Watching for file changes with StatReloader
/Users/youngmanindia/Documents/Django_Projects/task_manager/task_manager/urls.py changed, reloading.
Watching for file changes with StatReloader
/Users/youngmanindia/Documents/Django_Projects/task_manager/tasks/urls.py changed, reloading.
Watching for file changes with StatReloader
Watching for file changes with StatReloader
/Users/youngmanindia/Documents/Django_Projects/task_manager/task_manager/settings.py changed, reloading.
Watching for file changes with StatReloader
/Users/youngmanindia/Documents/Django_Projects/task_manager/task_manager/settings.py changed, reloading.
Watching for file changes with StatReloader
/Users/youngmanindia/Documents/Django_Projects/task_manager/task_manager/settings.py changed, reloading.
Watching for file changes with StatReloader
/Users/youngmanindia/Documents/Django_Projects/task_manager/task_manager/settings.py changed, reloading.
Watching for file changes with StatReloader
/Users/youngmanindia/Documents/Django_Projects/task_manager/tasks/models.py changed, reloading.
Watching for file changes with StatReloader
/Users/youngmanindia/Documents/Django_Projects/task_manager/tasks/serializers.py changed, reloading.
Watching for file changes with StatReloader
/Users/youngmanindia/Documents/Django_Projects/task_manager/tasks/views.py changed, reloading.
Watching for file changes with StatReloader
/Users/youngmanindia/Documents/Django_Projects/task_manager/tasks/urls.py changed, reloading.
Watching for file changes with StatReloader
/Users/youngmanindia/Documents/Django_Projects/task_manager/tasks/urls.py changed, reloading.
Watching for file changes with StatReloader
/Users/youngmanindia/Documents/Django_Projects/task_manager/tasks/views.py changed, reloading.
Watching for file changes with StatReloader
/Users/youngmanindia/Documents/Django_Projects/task_manager/tasks/views.py changed, reloading.
Watching for file changes with StatReloader
/Users/youngmanindia/Documents/Django_Projects/task_manager/tasks/views.py changed, reloading.
Watching for file changes with StatReloader
/Users/youngmanindia/Documents/Django_Projects/task_manager/tasks/views.py changed, reloading.
Watching for file changes with StatReloader
/Users/youngmanindia/Documents/Django_Projects/task_manager/tasks/views.py changed, reloading.
Watching for file changes with StatReloader
/Users/youngmanindia/Documents/Django_Projects/task_manager/tasks/views.py changed, reloading.
Watching for file changes with StatReloader
